c:\users\user\desktop\랜더링 과제\5. 깊이 비교\basic_frameworks\x64\debug\vc143.pdb
c:\users\user\desktop\랜더링 과제\5. 깊이 비교\basic_frameworks\x64\debug\vc143.idb
c:\users\user\desktop\랜더링 과제\5. 깊이 비교\basic_frameworks\x64\debug\voodoo.obj
c:\users\user\desktop\랜더링 과제\5. 깊이 비교\basic_frameworks\x64\debug\vdvertexbuffer.obj
c:\users\user\desktop\랜더링 과제\5. 깊이 비교\basic_frameworks\x64\debug\vdmath.obj
c:\users\user\desktop\랜더링 과제\5. 깊이 비교\basic_frameworks\x64\debug\vdgraphics.obj
c:\users\user\desktop\랜더링 과제\5. 깊이 비교\basic_frameworks\x64\debug\render.obj
c:\users\user\desktop\랜더링 과제\5. 깊이 비교\basic_frameworks\x64\debug\main.obj
c:\users\user\desktop\랜더링 과제\5. 깊이 비교\basic_frameworks\x64\debug\device.obj
c:\users\user\desktop\랜더링 과제\5. 깊이 비교\x64\debug\basic_frameworks.exe
c:\users\user\desktop\랜더링 과제\5. 깊이 비교\x64\debug\basic_frameworks.pdb
c:\users\user\desktop\랜더링 과제\5. 깊이 비교\basic_frameworks\x64\debug\basic_frameworks.ilk
c:\users\user\desktop\랜더링 과제\5. 깊이 비교\basic_frameworks\x64\debug\basic_frameworks.tlog\cl.command.1.tlog
c:\users\user\desktop\랜더링 과제\5. 깊이 비교\basic_frameworks\x64\debug\basic_frameworks.tlog\cl.items.tlog
c:\users\user\desktop\랜더링 과제\5. 깊이 비교\basic_frameworks\x64\debug\basic_frameworks.tlog\cl.read.1.tlog
c:\users\user\desktop\랜더링 과제\5. 깊이 비교\basic_frameworks\x64\debug\basic_frameworks.tlog\cl.write.1.tlog
c:\users\user\desktop\랜더링 과제\5. 깊이 비교\basic_frameworks\x64\debug\basic_frameworks.tlog\link.command.1.tlog
c:\users\user\desktop\랜더링 과제\5. 깊이 비교\basic_frameworks\x64\debug\basic_frameworks.tlog\link.read.1.tlog
c:\users\user\desktop\랜더링 과제\5. 깊이 비교\basic_frameworks\x64\debug\basic_frameworks.tlog\link.secondary.1.tlog
c:\users\user\desktop\랜더링 과제\5. 깊이 비교\basic_frameworks\x64\debug\basic_frameworks.tlog\link.write.1.tlog
